2026-04-14 16:04  INFO     Converter Active. Inbox: V:\0000 Tekuchi Media Processor\TODO
2026-04-14 16:04  INFO     [IMAGE] foto-de-alta-resolucao-definicao.jpg
2026-04-14 16:41  INFO     Converter Active. Inbox: V:\0000 Tekuchi Media Processor\TODO
2026-04-14 16:41  INFO     [IMAGE] Screenshot (1).png
2026-04-14 16:41  INFO     [IMAGE] Screenshot (10).png
2026-04-14 16:41  INFO     [IMAGE] Screenshot (11).png
2026-04-14 16:41  INFO     [IMAGE] Screenshot (12).png
2026-04-14 16:41  INFO     [IMAGE] Screenshot (13).png
2026-04-14 16:41  INFO     [IMAGE] Screenshot (14).png
2026-04-14 16:41  INFO     [IMAGE] Screenshot (15).png
2026-04-14 16:41  INFO     [IMAGE] Screenshot (16).png
2026-04-14 16:41  INFO     [IMAGE] Screenshot (17).png
2026-04-14 16:41  INFO     [IMAGE] Screenshot (18).png
2026-04-14 16:41  INFO     [IMAGE] Screenshot (19).png
2026-04-14 16:41  INFO     [IMAGE] Screenshot (2).png
2026-04-14 16:41  INFO     [IMAGE] Screenshot (20).png
2026-04-14 16:41  INFO     [IMAGE] Screenshot (21).png
2026-04-14 16:41  INFO     [IMAGE] Screenshot (22).png
2026-04-14 16:41  INFO     [IMAGE] Screenshot (23).png
2026-04-14 16:41  INFO     [IMAGE] Screenshot (24).png
2026-04-14 16:41  INFO     [IMAGE] Screenshot (25).png
2026-04-14 16:41  INFO     [IMAGE] Screenshot (26).png
2026-04-14 16:41  INFO     [IMAGE] Screenshot (27).png
2026-04-14 16:41  INFO     [IMAGE] Screenshot (28).png
2026-04-14 16:41  INFO     [IMAGE] Screenshot (29).png
2026-04-14 16:41  INFO     [IMAGE] Screenshot (3).png
2026-04-14 16:41  INFO     [IMAGE] Screenshot (30).png
2026-04-14 16:41  INFO     [IMAGE] Screenshot (31).png
2026-04-14 16:41  INFO     [IMAGE] Screenshot (32).png
2026-04-14 16:41  INFO     [IMAGE] Screenshot (33).png
2026-04-14 16:41  INFO     [IMAGE] Screenshot (34).png
2026-04-14 16:41  INFO     [IMAGE] Screenshot (35).png
2026-04-14 16:41  INFO     [IMAGE] Screenshot (36).png
2026-04-14 16:41  INFO     [IMAGE] Screenshot (37).png
2026-04-14 16:41  INFO     [IMAGE] Screenshot (38).png
2026-04-14 16:41  INFO     [IMAGE] Screenshot (39).png
2026-04-14 16:41  INFO     [IMAGE] Screenshot (4).png
2026-04-14 16:41  INFO     [IMAGE] Screenshot (40).png
2026-04-14 16:41  INFO     [IMAGE] Screenshot (41).png
2026-04-14 16:41  INFO     [IMAGE] Screenshot (42).png
2026-04-14 16:41  INFO     [IMAGE] Screenshot (43).png
2026-04-14 16:41  INFO     [IMAGE] Screenshot (44).png
2026-04-14 16:41  INFO     [IMAGE] Screenshot (45).png
2026-04-14 16:41  INFO     [IMAGE] Screenshot (46).png
2026-04-14 16:41  INFO     [IMAGE] Screenshot (47).png
2026-04-14 16:41  INFO     [IMAGE] Screenshot (48).png
2026-04-14 16:41  INFO     [IMAGE] Screenshot (49).png
2026-04-14 16:41  INFO     [IMAGE] Screenshot (5).png
2026-04-14 16:41  INFO     [IMAGE] Screenshot (50).png
2026-04-14 16:41  INFO     [IMAGE] Screenshot (51).png
2026-04-14 16:41  INFO     [IMAGE] Screenshot (52).png
2026-04-14 16:41  INFO     [IMAGE] Screenshot (53).png
2026-04-14 16:41  INFO     [IMAGE] Screenshot (6).png
2026-04-14 16:41  INFO     [IMAGE] Screenshot (7).png
2026-04-14 16:41  INFO     [IMAGE] Screenshot (8).png
2026-04-14 16:41  INFO     [IMAGE] Screenshot (9).png
2026-04-14 16:45  INFO     Converter Active. Inbox: V:\0000 Tekuchi Media Processor\TODO
2026-04-14 16:45  INFO     [VIDEO] Chase_Claremont_Teaser.mp4
2026-04-14 16:45  INFO       Done in 20.0s (33898KB -> 19144KB)
