2026-04-28 15:53:36,235 - INFO - Auto-checking folders for media and cropper...
2026-04-28 15:53:36,319 - INFO - Starting batch processing...
2026-04-28 15:53:36,321 - INFO - Processing folder: 1920x1080 (3 files)
2026-04-28 15:53:36,936 - INFO - Successfully processed 3001-A.jpg to 1920x1080
2026-04-28 15:53:37,004 - INFO - Image thumb_6003 Ballymore CUBA individual plan test_V6.pdf.jpg smaller than 1920x1080. Moving to processed without cropping.
2026-04-28 15:53:37,042 - INFO - Image thumb_dataloft_dagenham_green_v1747757073.jpg smaller than 1920x1080. Moving to processed without cropping.
2026-04-28 15:53:37,044 - INFO - Processing folder: 3840x2160 (2 files)
2026-04-28 15:53:37,088 - INFO - Image thumb_6003 Ballymore CUBA individual plan test_V6.pdf.jpg smaller than 3840x2160. Moving to processed without cropping.
2026-04-28 15:53:37,108 - INFO - Image thumb_dataloft_dagenham_green_v1747757073.jpg smaller than 3840x2160. Moving to processed without cropping.
2026-04-28 15:53:37,112 - INFO - Processing folder: 800x450 (1 files)
2026-04-28 15:53:37,130 - INFO - Image thumb_dataloft_dagenham_green_v1747757073.jpg smaller than 800x450. Moving to processed without cropping.
2026-04-28 15:53:37,132 - INFO - Processing folder: 800x534 (1 files)
2026-04-28 15:53:37,153 - INFO - Image thumb_dataloft_dagenham_green_v1747757073.jpg smaller than 800x534. Moving to processed without cropping.
2026-04-28 15:53:37,155 - INFO - Batch processing completed. Total processed: 7
2026-04-28 15:53:38,758 - INFO - Auto-checking folders for media and cropper...
2026-04-28 15:53:38,824 - INFO - Starting batch processing...
2026-04-28 15:53:38,827 - INFO - Batch processing completed. Total processed: 0
2026-04-28 15:53:47,758 - INFO - Auto-checking folders for media and cropper...
2026-04-28 15:53:47,803 - INFO - Starting batch processing...
2026-04-28 15:53:47,804 - INFO - Batch processing completed. Total processed: 0
2026-04-28 15:53:56,769 - INFO - Auto-checking folders for media and cropper...
2026-04-28 15:53:56,830 - INFO - Starting batch processing...
2026-04-28 15:53:56,849 - INFO - Processing folder: 1920x1080 (3 files)
2026-04-28 15:53:57,575 - INFO - Successfully processed 3001-A.jpg to 1920x1080
2026-04-28 15:53:57,635 - INFO - Image thumb_6003 Ballymore CUBA individual plan test_V6.pdf.jpg smaller than 1920x1080. Moving to processed without cropping.
2026-04-28 15:53:57,667 - INFO - Image thumb_dataloft_dagenham_green_v1747757073.jpg smaller than 1920x1080. Moving to processed without cropping.
2026-04-28 15:53:57,670 - INFO - Batch processing completed. Total processed: 3
2026-04-28 15:54:05,763 - INFO - Auto-checking folders for media and cropper...
2026-04-28 15:54:05,804 - INFO - Starting batch processing...
2026-04-28 15:54:05,806 - INFO - Batch processing completed. Total processed: 0
2026-04-28 15:54:14,754 - INFO - Auto-checking folders for media and cropper...
2026-04-28 15:54:14,792 - INFO - Starting batch processing...
2026-04-28 15:54:14,794 - INFO - Batch processing completed. Total processed: 0
2026-04-28 15:54:23,753 - INFO - Auto-checking folders for media and cropper...
2026-04-28 15:54:23,807 - INFO - Starting batch processing...
2026-04-28 15:54:23,808 - INFO - Batch processing completed. Total processed: 0
2026-04-28 15:54:32,757 - INFO - Auto-checking folders for media and cropper...
2026-04-28 15:54:32,802 - INFO - Starting batch processing...
2026-04-28 15:54:32,803 - INFO - Batch processing completed. Total processed: 0
2026-04-28 15:54:41,752 - INFO - Auto-checking folders for media and cropper...
2026-04-28 15:54:41,805 - INFO - Starting batch processing...
2026-04-28 15:54:41,807 - INFO - Batch processing completed. Total processed: 0
2026-04-28 15:54:50,762 - INFO - Auto-checking folders for media and cropper...
2026-04-28 15:54:50,805 - INFO - Starting batch processing...
2026-04-28 15:54:50,806 - INFO - Batch processing completed. Total processed: 0
2026-04-28 15:54:59,758 - INFO - Auto-checking folders for media and cropper...
2026-04-28 15:54:59,810 - INFO - Starting batch processing...
2026-04-28 15:54:59,812 - INFO - Batch processing completed. Total processed: 0
2026-04-28 15:55:08,759 - INFO - Auto-checking folders for media and cropper...
2026-04-28 15:55:08,801 - INFO - Starting batch processing...
2026-04-28 15:55:08,802 - INFO - Batch processing completed. Total processed: 0
2026-04-28 15:55:17,762 - INFO - Auto-checking folders for media and cropper...
2026-04-28 15:55:17,805 - INFO - Starting batch processing...
2026-04-28 15:55:17,806 - INFO - Batch processing completed. Total processed: 0
2026-04-28 15:55:26,766 - INFO - Auto-checking folders for media and cropper...
2026-04-28 15:55:26,809 - INFO - Starting batch processing...
2026-04-28 15:55:26,810 - INFO - Batch processing completed. Total processed: 0
2026-04-28 15:55:35,758 - INFO - Auto-checking folders for media and cropper...
2026-04-28 15:55:35,802 - INFO - Starting batch processing...
2026-04-28 15:55:35,806 - INFO - Batch processing completed. Total processed: 0
2026-04-28 15:55:44,755 - INFO - Auto-checking folders for media and cropper...
2026-04-28 15:55:44,804 - INFO - Starting batch processing...
2026-04-28 15:55:44,810 - INFO - Batch processing completed. Total processed: 0
2026-04-28 15:55:53,763 - INFO - Auto-checking folders for media and cropper...
2026-04-28 15:55:53,811 - INFO - Starting batch processing...
2026-04-28 15:55:53,820 - INFO - Batch processing completed. Total processed: 0
2026-04-28 15:56:02,755 - INFO - Auto-checking folders for media and cropper...
2026-04-28 15:56:02,804 - INFO - Starting batch processing...
2026-04-28 15:56:02,808 - INFO - Batch processing completed. Total processed: 0
2026-04-28 15:56:11,753 - INFO - Auto-checking folders for media and cropper...
2026-04-28 15:56:11,800 - INFO - Starting batch processing...
2026-04-28 15:56:11,810 - INFO - Batch processing completed. Total processed: 0
2026-04-28 15:56:20,765 - INFO - Auto-checking folders for media and cropper...
2026-04-28 15:56:20,808 - INFO - Starting batch processing...
2026-04-28 15:56:20,808 - INFO - Batch processing completed. Total processed: 0
2026-04-28 15:56:29,757 - INFO - Auto-checking folders for media and cropper...
2026-04-28 15:56:29,811 - INFO - Starting batch processing...
2026-04-28 15:56:29,812 - INFO - Batch processing completed. Total processed: 0
2026-04-28 15:56:38,762 - INFO - Auto-checking folders for media and cropper...
2026-04-28 15:56:38,803 - INFO - Starting batch processing...
2026-04-28 15:56:38,804 - INFO - Batch processing completed. Total processed: 0
2026-04-28 15:56:47,764 - INFO - Auto-checking folders for media and cropper...
2026-04-28 15:56:47,826 - INFO - Starting batch processing...
2026-04-28 15:56:47,827 - INFO - Batch processing completed. Total processed: 0
2026-04-28 15:56:56,750 - INFO - Auto-checking folders for media and cropper...
2026-04-28 15:56:56,805 - INFO - Starting batch processing...
2026-04-28 15:56:56,806 - INFO - Batch processing completed. Total processed: 0
2026-04-28 15:57:05,757 - INFO - Auto-checking folders for media and cropper...
2026-04-28 15:57:05,813 - INFO - Starting batch processing...
2026-04-28 15:57:05,814 - INFO - Batch processing completed. Total processed: 0
2026-04-28 15:57:14,762 - INFO - Auto-checking folders for media and cropper...
2026-04-28 15:57:14,812 - INFO - Starting batch processing...
2026-04-28 15:57:14,813 - INFO - Batch processing completed. Total processed: 0
2026-04-28 15:57:23,755 - INFO - Auto-checking folders for media and cropper...
2026-04-28 15:57:23,813 - INFO - Starting batch processing...
2026-04-28 15:57:23,814 - INFO - Batch processing completed. Total processed: 0
2026-04-28 15:57:32,756 - INFO - Auto-checking folders for media and cropper...
2026-04-28 15:57:32,809 - INFO - Starting batch processing...
2026-04-28 15:57:32,810 - INFO - Batch processing completed. Total processed: 0
2026-04-28 15:57:41,754 - INFO - Auto-checking folders for media and cropper...
2026-04-28 15:57:41,806 - INFO - Starting batch processing...
2026-04-28 15:57:41,809 - INFO - Batch processing completed. Total processed: 0
2026-04-28 15:57:50,768 - INFO - Auto-checking folders for media and cropper...
2026-04-28 15:57:50,827 - INFO - Starting batch processing...
2026-04-28 15:57:50,842 - INFO - Batch processing completed. Total processed: 0
2026-04-28 15:57:59,764 - INFO - Auto-checking folders for media and cropper...
2026-04-28 15:57:59,809 - INFO - Starting batch processing...
2026-04-28 15:57:59,811 - INFO - Batch processing completed. Total processed: 0
2026-04-28 15:58:08,765 - INFO - Auto-checking folders for media and cropper...
2026-04-28 15:58:08,830 - INFO - Starting batch processing...
2026-04-28 15:58:08,831 - INFO - Batch processing completed. Total processed: 0
2026-04-28 15:58:17,755 - INFO - Auto-checking folders for media and cropper...
2026-04-28 15:58:17,798 - INFO - Starting batch processing...
2026-04-28 15:58:17,799 - INFO - Batch processing completed. Total processed: 0
2026-04-28 15:58:26,755 - INFO - Auto-checking folders for media and cropper...
2026-04-28 15:58:26,809 - INFO - Starting batch processing...
2026-04-28 15:58:26,811 - INFO - Batch processing completed. Total processed: 0
2026-04-28 15:58:35,761 - INFO - Auto-checking folders for media and cropper...
2026-04-28 15:58:35,808 - INFO - Starting batch processing...
2026-04-28 15:58:35,810 - INFO - Batch processing completed. Total processed: 0
2026-04-28 15:58:44,761 - INFO - Auto-checking folders for media and cropper...
2026-04-28 15:58:44,818 - INFO - Starting batch processing...
2026-04-28 15:58:44,819 - INFO - Batch processing completed. Total processed: 0
2026-04-28 15:58:53,762 - INFO - Auto-checking folders for media and cropper...
2026-04-28 15:58:53,849 - INFO - Starting batch processing...
2026-04-28 15:58:53,853 - INFO - Batch processing completed. Total processed: 0
2026-04-28 15:59:09,350 - INFO - Auto-checking folders for media and cropper...
2026-04-28 15:59:09,405 - INFO - Starting batch processing...
2026-04-28 15:59:09,407 - INFO - Batch processing completed. Total processed: 0
2026-04-28 15:59:18,361 - INFO - Auto-checking folders for media and cropper...
2026-04-28 15:59:18,416 - INFO - Starting batch processing...
2026-04-28 15:59:18,423 - INFO - Batch processing completed. Total processed: 0
2026-04-28 15:59:27,347 - INFO - Auto-checking folders for media and cropper...
2026-04-28 15:59:27,400 - INFO - Starting batch processing...
2026-04-28 15:59:27,401 - INFO - Batch processing completed. Total processed: 0
2026-04-28 15:59:36,357 - INFO - Auto-checking folders for media and cropper...
2026-04-28 15:59:36,410 - INFO - Starting batch processing...
2026-04-28 15:59:36,412 - INFO - Batch processing completed. Total processed: 0
2026-04-28 15:59:45,355 - INFO - Auto-checking folders for media and cropper...
2026-04-28 15:59:45,410 - INFO - Starting batch processing...
2026-04-28 15:59:45,411 - INFO - Batch processing completed. Total processed: 0
2026-04-28 15:59:54,351 - INFO - Auto-checking folders for media and cropper...
2026-04-28 15:59:54,411 - INFO - Starting batch processing...
2026-04-28 15:59:54,412 - INFO - Batch processing completed. Total processed: 0
2026-04-28 16:00:03,354 - INFO - Auto-checking folders for media and cropper...
2026-04-28 16:00:03,426 - INFO - Starting batch processing...
2026-04-28 16:00:03,428 - INFO - Batch processing completed. Total processed: 0
2026-04-28 16:00:12,346 - INFO - Auto-checking folders for media and cropper...
2026-04-28 16:00:12,391 - INFO - Starting batch processing...
2026-04-28 16:00:12,392 - INFO - Batch processing completed. Total processed: 0
2026-04-28 16:00:21,342 - INFO - Auto-checking folders for media and cropper...
2026-04-28 16:00:21,385 - INFO - Starting batch processing...
2026-04-28 16:00:21,386 - INFO - Batch processing completed. Total processed: 0
2026-04-28 16:00:30,350 - INFO - Auto-checking folders for media and cropper...
2026-04-28 16:00:30,413 - INFO - Starting batch processing...
2026-04-28 16:00:30,414 - INFO - Batch processing completed. Total processed: 0
2026-04-28 16:00:39,355 - INFO - Auto-checking folders for media and cropper...
2026-04-28 16:00:39,473 - INFO - Starting batch processing...
2026-04-28 16:00:39,477 - INFO - Processing folder: 1920x1080 (3 files)
2026-04-28 16:00:40,350 - INFO - Successfully processed 3001-A.jpg to 1920x1080
2026-04-28 16:00:40,572 - INFO - Image thumb_6003 Ballymore CUBA individual plan test_V6.pdf.jpg smaller than 1920x1080. Moving to processed without cropping.
2026-04-28 16:00:40,616 - INFO - Image thumb_dataloft_dagenham_green_v1747757073.jpg smaller than 1920x1080. Moving to processed without cropping.
2026-04-28 16:00:40,638 - INFO - Batch processing completed. Total processed: 3
2026-04-28 16:00:48,357 - INFO - Auto-checking folders for media and cropper...
2026-04-28 16:00:48,404 - INFO - Starting batch processing...
2026-04-28 16:00:48,405 - INFO - Batch processing completed. Total processed: 0
2026-04-28 16:00:57,345 - INFO - Auto-checking folders for media and cropper...
2026-04-28 16:00:57,395 - INFO - Starting batch processing...
2026-04-28 16:00:57,396 - INFO - Batch processing completed. Total processed: 0
2026-04-28 16:01:06,343 - INFO - Auto-checking folders for media and cropper...
2026-04-28 16:01:06,394 - INFO - Starting batch processing...
2026-04-28 16:01:06,395 - INFO - Batch processing completed. Total processed: 0
2026-04-28 16:01:15,355 - INFO - Auto-checking folders for media and cropper...
2026-04-28 16:01:15,397 - INFO - Starting batch processing...
2026-04-28 16:01:15,398 - INFO - Batch processing completed. Total processed: 0
2026-04-28 16:01:24,349 - INFO - Auto-checking folders for media and cropper...
2026-04-28 16:01:24,394 - INFO - Starting batch processing...
2026-04-28 16:01:24,395 - INFO - Batch processing completed. Total processed: 0
2026-04-28 16:01:33,357 - INFO - Auto-checking folders for media and cropper...
2026-04-28 16:01:33,427 - INFO - Starting batch processing...
2026-04-28 16:01:33,428 - INFO - Batch processing completed. Total processed: 0
2026-04-28 16:01:42,353 - INFO - Auto-checking folders for media and cropper...
2026-04-28 16:01:42,409 - INFO - Starting batch processing...
2026-04-28 16:01:42,410 - INFO - Batch processing completed. Total processed: 0
2026-04-28 16:01:51,345 - INFO - Auto-checking folders for media and cropper...
2026-04-28 16:01:51,392 - INFO - Starting batch processing...
2026-04-28 16:01:51,393 - INFO - Batch processing completed. Total processed: 0
2026-04-28 16:02:00,344 - INFO - Auto-checking folders for media and cropper...
2026-04-28 16:02:00,395 - INFO - Starting batch processing...
2026-04-28 16:02:00,396 - INFO - Batch processing completed. Total processed: 0
2026-04-28 16:02:09,351 - INFO - Auto-checking folders for media and cropper...
2026-04-28 16:02:09,393 - INFO - Starting batch processing...
2026-04-28 16:02:09,394 - INFO - Batch processing completed. Total processed: 0
2026-04-28 16:02:18,349 - INFO - Auto-checking folders for media and cropper...
2026-04-28 16:02:18,395 - INFO - Starting batch processing...
2026-04-28 16:02:18,397 - INFO - Batch processing completed. Total processed: 0
2026-04-28 16:02:27,354 - INFO - Auto-checking folders for media and cropper...
2026-04-28 16:02:27,401 - INFO - Starting batch processing...
2026-04-28 16:02:27,402 - INFO - Batch processing completed. Total processed: 0
2026-04-28 16:02:36,350 - INFO - Auto-checking folders for media and cropper...
2026-04-28 16:02:36,411 - INFO - Starting batch processing...
2026-04-28 16:02:36,412 - INFO - Batch processing completed. Total processed: 0
2026-04-28 16:02:45,356 - INFO - Auto-checking folders for media and cropper...
2026-04-28 16:02:45,419 - INFO - Starting batch processing...
2026-04-28 16:02:45,421 - INFO - Batch processing completed. Total processed: 0
2026-04-28 16:02:54,356 - INFO - Auto-checking folders for media and cropper...
2026-04-28 16:02:54,412 - INFO - Starting batch processing...
2026-04-28 16:02:54,414 - INFO - Batch processing completed. Total processed: 0
2026-04-28 16:03:03,349 - INFO - Auto-checking folders for media and cropper...
2026-04-28 16:03:03,414 - INFO - Starting batch processing...
2026-04-28 16:03:03,415 - INFO - Batch processing completed. Total processed: 0
2026-04-28 16:03:12,359 - INFO - Auto-checking folders for media and cropper...
2026-04-28 16:03:12,432 - INFO - Starting batch processing...
2026-04-28 16:03:12,509 - INFO - Batch processing completed. Total processed: 0
2026-04-28 16:03:21,355 - INFO - Auto-checking folders for media and cropper...
2026-04-28 16:03:21,399 - INFO - Starting batch processing...
2026-04-28 16:03:21,401 - INFO - Batch processing completed. Total processed: 0
2026-04-28 16:03:30,351 - INFO - Auto-checking folders for media and cropper...
2026-04-28 16:03:30,395 - INFO - Starting batch processing...
2026-04-28 16:03:30,396 - INFO - Batch processing completed. Total processed: 0
2026-04-28 16:03:39,349 - INFO - Auto-checking folders for media and cropper...
2026-04-28 16:03:39,406 - INFO - Starting batch processing...
2026-04-28 16:03:39,407 - INFO - Batch processing completed. Total processed: 0
2026-04-28 16:03:48,352 - INFO - Auto-checking folders for media and cropper...
2026-04-28 16:03:48,409 - INFO - Starting batch processing...
2026-04-28 16:03:48,410 - INFO - Batch processing completed. Total processed: 0
2026-04-28 16:03:57,511 - INFO - Auto-checking folders for media and cropper...
2026-04-28 16:03:57,639 - INFO - Starting batch processing...
2026-04-28 16:03:57,658 - INFO - Batch processing completed. Total processed: 0
2026-04-28 16:04:06,350 - INFO - Auto-checking folders for media and cropper...
2026-04-28 16:04:06,400 - INFO - Starting batch processing...
2026-04-28 16:04:06,401 - INFO - Batch processing completed. Total processed: 0
2026-04-28 16:04:15,342 - INFO - Auto-checking folders for media and cropper...
2026-04-28 16:04:15,425 - INFO - Starting batch processing...
2026-04-28 16:04:15,427 - INFO - Batch processing completed. Total processed: 0
2026-04-28 16:04:24,357 - INFO - Auto-checking folders for media and cropper...
2026-04-28 16:04:24,402 - INFO - Starting batch processing...
2026-04-28 16:04:24,403 - INFO - Batch processing completed. Total processed: 0
2026-04-28 16:04:40,947 - INFO - Auto-checking folders for media and cropper...
2026-04-28 16:04:41,006 - INFO - Starting batch processing...
2026-04-28 16:04:41,014 - INFO - Batch processing completed. Total processed: 0
2026-04-28 16:04:49,941 - INFO - Auto-checking folders for media and cropper...
2026-04-28 16:04:49,989 - INFO - Starting batch processing...
2026-04-28 16:04:49,991 - INFO - Batch processing completed. Total processed: 0
2026-04-28 16:04:58,938 - INFO - Auto-checking folders for media and cropper...
2026-04-28 16:04:58,989 - INFO - Starting batch processing...
2026-04-28 16:04:58,995 - INFO - Batch processing completed. Total processed: 0
2026-04-28 16:05:07,945 - INFO - Auto-checking folders for media and cropper...
2026-04-28 16:05:08,002 - INFO - Starting batch processing...
2026-04-28 16:05:08,006 - INFO - Batch processing completed. Total processed: 0
2026-04-28 16:05:16,950 - INFO - Auto-checking folders for media and cropper...
2026-04-28 16:05:17,047 - INFO - Starting batch processing...
2026-04-28 16:05:17,054 - INFO - Batch processing completed. Total processed: 0
2026-04-28 16:05:25,936 - INFO - Auto-checking folders for media and cropper...
2026-04-28 16:05:25,985 - INFO - Starting batch processing...
2026-04-28 16:05:25,987 - INFO - Processing folder: 1920x1080 (3 files)
2026-04-28 16:05:26,505 - INFO - Successfully processed 3001-A.jpg to 1920x1080
2026-04-28 16:05:26,555 - INFO - Image thumb_6003 Ballymore CUBA individual plan test_V6.pdf.jpg smaller than 1920x1080. Moving to processed without cropping.
2026-04-28 16:05:26,579 - INFO - Image thumb_dataloft_dagenham_green_v1747757073.jpg smaller than 1920x1080. Moving to processed without cropping.
2026-04-28 16:05:26,582 - INFO - Batch processing completed. Total processed: 3
2026-04-28 16:05:34,950 - INFO - Auto-checking folders for media and cropper...
2026-04-28 16:05:35,045 - INFO - Starting batch processing...
2026-04-28 16:05:35,049 - INFO - Batch processing completed. Total processed: 0
2026-04-28 16:05:43,936 - INFO - Auto-checking folders for media and cropper...
2026-04-28 16:05:44,005 - INFO - Starting batch processing...
2026-04-28 16:05:44,009 - INFO - Batch processing completed. Total processed: 0
2026-04-28 16:05:52,941 - INFO - Auto-checking folders for media and cropper...
2026-04-28 16:05:53,020 - INFO - Starting batch processing...
2026-04-28 16:05:53,023 - INFO - Batch processing completed. Total processed: 0
2026-04-28 16:06:01,940 - INFO - Auto-checking folders for media and cropper...
2026-04-28 16:06:01,992 - INFO - Starting batch processing...
2026-04-28 16:06:01,995 - INFO - Processing folder: 3840x2160 (3 files)
2026-04-28 16:06:03,361 - INFO - Successfully processed 3001-A.jpg to 3840x2160
2026-04-28 16:06:03,413 - INFO - Image thumb_6003 Ballymore CUBA individual plan test_V6.pdf.jpg smaller than 3840x2160. Moving to processed without cropping.
2026-04-28 16:06:03,453 - INFO - Image thumb_dataloft_dagenham_green_v1747757073.jpg smaller than 3840x2160. Moving to processed without cropping.
2026-04-28 16:06:03,463 - INFO - Processing folder: 800x534 (3 files)
2026-04-28 16:06:04,110 - INFO - Successfully processed 3001-A.jpg to 800x534
2026-04-28 16:06:04,210 - INFO - Successfully processed thumb_6003 Ballymore CUBA individual plan test_V6.pdf.jpg to 800x534
2026-04-28 16:06:04,239 - INFO - Image thumb_dataloft_dagenham_green_v1747757073.jpg smaller than 800x534. Moving to processed without cropping.
2026-04-28 16:06:04,243 - INFO - Batch processing completed. Total processed: 6
2026-04-28 16:06:10,939 - INFO - Auto-checking folders for media and cropper...
2026-04-28 16:06:13,850 - INFO - Starting batch processing...
2026-04-28 16:06:13,853 - INFO - Batch processing completed. Total processed: 0
2026-04-28 16:06:19,942 - INFO - Auto-checking folders for media and cropper...
2026-04-28 16:06:20,014 - INFO - Starting batch processing...
2026-04-28 16:06:20,017 - INFO - Batch processing completed. Total processed: 0
2026-04-28 16:06:28,946 - INFO - Auto-checking folders for media and cropper...
2026-04-28 16:06:29,001 - INFO - Starting batch processing...
2026-04-28 16:06:29,004 - INFO - Batch processing completed. Total processed: 0
2026-04-28 16:06:37,946 - INFO - Auto-checking folders for media and cropper...
2026-04-28 16:06:38,012 - INFO - Starting batch processing...
2026-04-28 16:06:38,015 - INFO - Batch processing completed. Total processed: 0
2026-04-28 16:06:46,941 - INFO - Auto-checking folders for media and cropper...
2026-04-28 16:06:47,006 - INFO - Starting batch processing...
2026-04-28 16:06:47,009 - INFO - Batch processing completed. Total processed: 0
2026-04-28 16:06:55,936 - INFO - Auto-checking folders for media and cropper...
2026-04-28 16:06:55,990 - INFO - Starting batch processing...
2026-04-28 16:06:55,993 - INFO - Batch processing completed. Total processed: 0
2026-04-28 16:07:04,943 - INFO - Auto-checking folders for media and cropper...
2026-04-28 16:07:04,990 - INFO - Starting batch processing...
2026-04-28 16:07:04,993 - INFO - Batch processing completed. Total processed: 0
2026-04-28 16:07:13,949 - INFO - Auto-checking folders for media and cropper...
2026-04-28 16:07:14,014 - INFO - Starting batch processing...
2026-04-28 16:07:14,020 - INFO - Batch processing completed. Total processed: 0
2026-04-28 16:07:22,939 - INFO - Auto-checking folders for media and cropper...
2026-04-28 16:07:23,001 - INFO - Starting batch processing...
2026-04-28 16:07:23,004 - INFO - Batch processing completed. Total processed: 0
