
> pdf-analyser@0.1.0 dev
> next dev

▲ Next.js 16.2.1 (Turbopack)
- Local:         http://localhost:3000
- Network:       http://172.24.0.1:3000
- Environments: .env
✓ Ready in 1683ms


> pdf-analyser@0.1.0 dev
> next dev

^C^CTerminate batch job (Y/N)? 
> pdf-analyser@0.1.0 dev
> next dev

▲ Next.js 16.2.1 (Turbopack)
- Local:         http://localhost:3000
- Network:       http://192.168.1.75:3000
- Environments: .env
✓ Ready in 3.2s
⚠ Turbopack's filesystem cache has been deleted because we previously detected an internal error in Turbopack. Builds or page loads may be slower as a result.
⚠ Slow filesystem detected. The benchmark took 369ms. If D:\tekuchi-media (1)\tekuchi-media\.next/dev is a network drive, consider moving it to a local folder.
See more: https://nextjs.org/docs/app/guides/local-development


thread 'tokio-runtime-worker' (12864) panicked at C:\Users\Administrator\.cargo\registry\src\index.crates.io-1949cf8c6b5b557f\qfilter-0.3.0-alpha.2\src\lib.rs:709:9:
CPU doesn't support the bmi2 instructions
note: run with `RUST_BACKTRACE=1` environment variable to display a backtrace

thread 'tokio-runtime-worker' (8840) panicked at C:\Users\Administrator\.cargo\registry\src\index.crates.io-1949cf8c6b5b557f\qfilter-0.3.0-alpha.2\src\lib.rs:709:9:
CPU doesn't support the bmi2 instructions
^C^CTerminate batch job (Y/N)? 